{"/home/shadex/workspace/test/nCargoWebPage/src/modules/employees/controllers/employee.controller.ts": {"path":"/home/shadex/workspace/test/nCargoWebPage/src/modules/employees/controllers/employee.controller.ts","statementMap":{"0":{"start":{"line":1,"column":0},"end":{"line":1,"column":55}},"1":{"start":{"line":2,"column":0},"end":{"line":2,"column":62}},"2":{"start":{"line":9,"column":0},"end":{"line":9,"column":47}},"3":{"start":{"line":12,"column":4},"end":{"line":15,"column":5}},"4":{"start":{"line":13,"column":8},"end":{"line":13,"column":null}},"5":{"start":{"line":13,"column":45},"end":{"line":13,"column":null}},"6":{"start":{"line":14,"column":8},"end":{"line":14,"column":null}},"7":{"start":{"line":14,"column":51},"end":{"line":14,"column":null}},"8":{"start":{"line":16,"column":4},"end":{"line":16,"column":null}},"9":{"start":{"line":20,"column":4},"end":{"line":24,"column":5}},"10":{"start":{"line":21,"column":8},"end":{"line":22,"column":null}},"11":{"start":{"line":22,"column":12},"end":{"line":22,"column":null}},"12":{"start":{"line":23,"column":8},"end":{"line":23,"column":null}},"13":{"start":{"line":25,"column":4},"end":{"line":25,"column":null}},"14":{"start":{"line":31,"column":8},"end":{"line":38,"column":9}},"15":{"start":{"line":32,"column":12},"end":{"line":32,"column":null}},"16":{"start":{"line":34,"column":12},"end":{"line":37,"column":null}},"17":{"start":{"line":39,"column":20},"end":{"line":39,"column":36}},"18":{"start":{"line":40,"column":21},"end":{"line":40,"column":64}},"19":{"start":{"line":41,"column":22},"end":{"line":41,"column":67}},"20":{"start":{"line":42,"column":23},"end":{"line":42,"column":85}},"21":{"start":{"line":43,"column":23},"end":{"line":43,"column":53}},"22":{"start":{"line":44,"column":22},"end":{"line":44,"column":51}},"23":{"start":{"line":45,"column":23},"end":{"line":45,"column":53}},"24":{"start":{"line":47,"column":42},"end":{"line":54,"column":null}},"25":{"start":{"line":56,"column":8},"end":{"line":64,"column":9}},"26":{"start":{"line":57,"column":27},"end":{"line":57,"column":64}},"27":{"start":{"line":58,"column":12},"end":{"line":58,"column":null}},"28":{"start":{"line":60,"column":12},"end":{"line":63,"column":null}},"29":{"start":{"line":69,"column":8},"end":{"line":76,"column":9}},"30":{"start":{"line":70,"column":12},"end":{"line":70,"column":null}},"31":{"start":{"line":72,"column":12},"end":{"line":75,"column":null}},"32":{"start":{"line":77,"column":20},"end":{"line":77,"column":36}},"33":{"start":{"line":78,"column":19},"end":{"line":78,"column":53}},"34":{"start":{"line":80,"column":8},"end":{"line":88,"column":9}},"35":{"start":{"line":81,"column":27},"end":{"line":81,"column":60}},"36":{"start":{"line":82,"column":12},"end":{"line":82,"column":null}},"37":{"start":{"line":84,"column":12},"end":{"line":87,"column":null}},"38":{"start":{"line":93,"column":8},"end":{"line":100,"column":9}},"39":{"start":{"line":94,"column":12},"end":{"line":94,"column":null}},"40":{"start":{"line":96,"column":12},"end":{"line":99,"column":null}},"41":{"start":{"line":101,"column":40},"end":{"line":101,"column":56}},"42":{"start":{"line":102,"column":8},"end":{"line":107,"column":9}},"43":{"start":{"line":103,"column":27},"end":{"line":103,"column":61}},"44":{"start":{"line":104,"column":12},"end":{"line":104,"column":null}},"45":{"start":{"line":106,"column":12},"end":{"line":106,"column":null}},"46":{"start":{"line":112,"column":8},"end":{"line":119,"column":9}},"47":{"start":{"line":113,"column":12},"end":{"line":113,"column":null}},"48":{"start":{"line":115,"column":12},"end":{"line":118,"column":null}},"49":{"start":{"line":120,"column":20},"end":{"line":120,"column":36}},"50":{"start":{"line":121,"column":19},"end":{"line":121,"column":53}},"51":{"start":{"line":122,"column":40},"end":{"line":122,"column":56}},"52":{"start":{"line":124,"column":8},"end":{"line":132,"column":9}},"53":{"start":{"line":125,"column":27},"end":{"line":125,"column":65}},"54":{"start":{"line":126,"column":12},"end":{"line":126,"column":null}},"55":{"start":{"line":128,"column":12},"end":{"line":131,"column":null}},"56":{"start":{"line":137,"column":8},"end":{"line":144,"column":9}},"57":{"start":{"line":138,"column":12},"end":{"line":138,"column":null}},"58":{"start":{"line":140,"column":12},"end":{"line":143,"column":null}},"59":{"start":{"line":145,"column":20},"end":{"line":145,"column":36}},"60":{"start":{"line":146,"column":19},"end":{"line":146,"column":53}},"61":{"start":{"line":148,"column":8},"end":{"line":156,"column":9}},"62":{"start":{"line":149,"column":12},"end":{"line":149,"column":null}},"63":{"start":{"line":150,"column":12},"end":{"line":150,"column":null}},"64":{"start":{"line":152,"column":12},"end":{"line":155,"column":null}},"65":{"start":{"line":161,"column":8},"end":{"line":168,"column":9}},"66":{"start":{"line":162,"column":12},"end":{"line":162,"column":null}},"67":{"start":{"line":164,"column":12},"end":{"line":167,"column":null}},"68":{"start":{"line":169,"column":20},"end":{"line":169,"column":36}},"69":{"start":{"line":170,"column":27},"end":{"line":170,"column":69}},"70":{"start":{"line":172,"column":8},"end":{"line":180,"column":9}},"71":{"start":{"line":173,"column":27},"end":{"line":173,"column":73}},"72":{"start":{"line":174,"column":12},"end":{"line":174,"column":null}},"73":{"start":{"line":176,"column":12},"end":{"line":179,"column":null}},"74":{"start":{"line":185,"column":8},"end":{"line":192,"column":9}},"75":{"start":{"line":186,"column":12},"end":{"line":186,"column":null}},"76":{"start":{"line":188,"column":12},"end":{"line":191,"column":null}},"77":{"start":{"line":193,"column":20},"end":{"line":193,"column":36}},"78":{"start":{"line":194,"column":27},"end":{"line":194,"column":69}},"79":{"start":{"line":196,"column":8},"end":{"line":204,"column":9}},"80":{"start":{"line":197,"column":27},"end":{"line":197,"column":77}},"81":{"start":{"line":198,"column":12},"end":{"line":198,"column":null}},"82":{"start":{"line":200,"column":12},"end":{"line":203,"column":null}},"83":{"start":{"line":209,"column":8},"end":{"line":216,"column":9}},"84":{"start":{"line":210,"column":12},"end":{"line":210,"column":null}},"85":{"start":{"line":212,"column":12},"end":{"line":215,"column":null}},"86":{"start":{"line":217,"column":20},"end":{"line":217,"column":36}},"87":{"start":{"line":218,"column":27},"end":{"line":218,"column":69}},"88":{"start":{"line":219,"column":40},"end":{"line":219,"column":56}},"89":{"start":{"line":221,"column":8},"end":{"line":226,"column":9}},"90":{"start":{"line":222,"column":27},"end":{"line":222,"column":81}},"91":{"start":{"line":223,"column":12},"end":{"line":223,"column":null}},"92":{"start":{"line":225,"column":12},"end":{"line":225,"column":null}},"93":{"start":{"line":231,"column":8},"end":{"line":238,"column":9}},"94":{"start":{"line":232,"column":12},"end":{"line":232,"column":null}},"95":{"start":{"line":234,"column":12},"end":{"line":237,"column":null}},"96":{"start":{"line":239,"column":20},"end":{"line":239,"column":36}},"97":{"start":{"line":240,"column":27},"end":{"line":240,"column":69}},"98":{"start":{"line":241,"column":40},"end":{"line":241,"column":56}},"99":{"start":{"line":243,"column":8},"end":{"line":248,"column":9}},"100":{"start":{"line":244,"column":27},"end":{"line":244,"column":81}},"101":{"start":{"line":245,"column":12},"end":{"line":245,"column":null}},"102":{"start":{"line":247,"column":12},"end":{"line":247,"column":null}},"103":{"start":{"line":253,"column":8},"end":{"line":260,"column":9}},"104":{"start":{"line":254,"column":12},"end":{"line":254,"column":null}},"105":{"start":{"line":256,"column":12},"end":{"line":259,"column":null}},"106":{"start":{"line":261,"column":20},"end":{"line":261,"column":36}},"107":{"start":{"line":262,"column":22},"end":{"line":262,"column":57}},"108":{"start":{"line":263,"column":22},"end":{"line":263,"column":57}},"109":{"start":{"line":264,"column":26},"end":{"line":264,"column":59}},"110":{"start":{"line":266,"column":8},"end":{"line":278,"column":9}},"111":{"start":{"line":267,"column":27},"end":{"line":270,"column":null}},"112":{"start":{"line":272,"column":12},"end":{"line":272,"column":null}},"113":{"start":{"line":274,"column":12},"end":{"line":277,"column":null}},"114":{"start":{"line":283,"column":8},"end":{"line":290,"column":9}},"115":{"start":{"line":284,"column":12},"end":{"line":284,"column":null}},"116":{"start":{"line":286,"column":12},"end":{"line":289,"column":null}},"117":{"start":{"line":291,"column":20},"end":{"line":291,"column":36}},"118":{"start":{"line":292,"column":19},"end":{"line":292,"column":53}},"119":{"start":{"line":293,"column":36},"end":{"line":293,"column":52}},"120":{"start":{"line":295,"column":8},"end":{"line":303,"column":9}},"121":{"start":{"line":296,"column":27},"end":{"line":296,"column":70}},"122":{"start":{"line":297,"column":12},"end":{"line":297,"column":null}},"123":{"start":{"line":299,"column":12},"end":{"line":302,"column":null}},"124":{"start":{"line":307,"column":13},"end":{"line":307,"column":null}}},"fnMap":{"0":{"name":"authErrorStatus","decl":{"start":{"line":11,"column":9},"end":{"line":11,"column":24}},"loc":{"start":{"line":11,"column":39},"end":{"line":17,"column":1}}},"1":{"name":"friendlyErrorMessage","decl":{"start":{"line":19,"column":9},"end":{"line":19,"column":29}},"loc":{"start":{"line":19,"column":44},"end":{"line":26,"column":1}}},"2":{"name":"(anonymous_2)","decl":{"start":{"line":30,"column":4},"end":{"line":30,"column":9}},"loc":{"start":{"line":30,"column":34},"end":{"line":65,"column":5}}},"3":{"name":"(anonymous_3)","decl":{"start":{"line":68,"column":4},"end":{"line":68,"column":9}},"loc":{"start":{"line":68,"column":34},"end":{"line":89,"column":5}}},"4":{"name":"(anonymous_4)","decl":{"start":{"line":92,"column":4},"end":{"line":92,"column":9}},"loc":{"start":{"line":92,"column":33},"end":{"line":108,"column":5}}},"5":{"name":"(anonymous_5)","decl":{"start":{"line":111,"column":4},"end":{"line":111,"column":9}},"loc":{"start":{"line":111,"column":33},"end":{"line":133,"column":5}}},"6":{"name":"(anonymous_6)","decl":{"start":{"line":136,"column":4},"end":{"line":136,"column":9}},"loc":{"start":{"line":136,"column":33},"end":{"line":157,"column":5}}},"7":{"name":"(anonymous_7)","decl":{"start":{"line":160,"column":4},"end":{"line":160,"column":9}},"loc":{"start":{"line":160,"column":39},"end":{"line":181,"column":5}}},"8":{"name":"(anonymous_8)","decl":{"start":{"line":184,"column":4},"end":{"line":184,"column":9}},"loc":{"start":{"line":184,"column":43},"end":{"line":205,"column":5}}},"9":{"name":"(anonymous_9)","decl":{"start":{"line":208,"column":4},"end":{"line":208,"column":9}},"loc":{"start":{"line":208,"column":41},"end":{"line":227,"column":5}}},"10":{"name":"(anonymous_10)","decl":{"start":{"line":230,"column":4},"end":{"line":230,"column":9}},"loc":{"start":{"line":230,"column":41},"end":{"line":249,"column":5}}},"11":{"name":"(anonymous_11)","decl":{"start":{"line":252,"column":4},"end":{"line":252,"column":9}},"loc":{"start":{"line":252,"column":42},"end":{"line":279,"column":5}}},"12":{"name":"(anonymous_12)","decl":{"start":{"line":282,"column":4},"end":{"line":282,"column":9}},"loc":{"start":{"line":282,"column":38},"end":{"line":304,"column":5}}}},"branchMap":{"0":{"loc":{"start":{"line":12,"column":4},"end":{"line":15,"column":5}},"type":"if","locations":[{"start":{"line":12,"column":4},"end":{"line":15,"column":5}},{"start":{},"end":{}}]},"1":{"loc":{"start":{"line":13,"column":8},"end":{"line":13,"column":null}},"type":"if","locations":[{"start":{"line":13,"column":8},"end":{"line":13,"column":null}},{"start":{},"end":{}}]},"2":{"loc":{"start":{"line":14,"column":8},"end":{"line":14,"column":null}},"type":"if","locations":[{"start":{"line":14,"column":8},"end":{"line":14,"column":null}},{"start":{},"end":{}}]},"3":{"loc":{"start":{"line":20,"column":4},"end":{"line":24,"column":5}},"type":"if","locations":[{"start":{"line":20,"column":4},"end":{"line":24,"column":5}},{"start":{},"end":{}}]},"4":{"loc":{"start":{"line":21,"column":8},"end":{"line":22,"column":null}},"type":"if","locations":[{"start":{"line":21,"column":8},"end":{"line":22,"column":null}},{"start":{},"end":{}}]},"5":{"loc":{"start":{"line":21,"column":12},"end":{"line":21,"column":95}},"type":"binary-expr","locations":[{"start":{"line":21,"column":12},"end":{"line":21,"column":60}},{"start":{"line":21,"column":64},"end":{"line":21,"column":95}}]},"6":{"loc":{"start":{"line":35,"column":27},"end":{"line":35,"column":83}},"type":"cond-expr","locations":[{"start":{"line":35,"column":52},"end":{"line":35,"column":65}},{"start":{"line":35,"column":68},"end":{"line":35,"column":83}}]},"7":{"loc":{"start":{"line":40,"column":28},"end":{"line":40,"column":63}},"type":"binary-expr","locations":[{"start":{"line":40,"column":28},"end":{"line":40,"column":56}},{"start":{"line":40,"column":60},"end":{"line":40,"column":63}}]},"8":{"loc":{"start":{"line":41,"column":29},"end":{"line":41,"column":66}},"type":"binary-expr","locations":[{"start":{"line":41,"column":29},"end":{"line":41,"column":58}},{"start":{"line":41,"column":62},"end":{"line":41,"column":66}}]},"9":{"loc":{"start":{"line":48,"column":20},"end":{"line":48,"column":39}},"type":"binary-expr","locations":[{"start":{"line":48,"column":20},"end":{"line":48,"column":26}},{"start":{"line":48,"column":30},"end":{"line":48,"column":39}}]},"10":{"loc":{"start":{"line":49,"column":20},"end":{"line":49,"column":55}},"type":"cond-expr","locations":[{"start":{"line":49,"column":29},"end":{"line":49,"column":43}},{"start":{"line":49,"column":46},"end":{"line":49,"column":55}}]},"11":{"loc":{"start":{"line":50,"column":19},"end":{"line":50,"column":52}},"type":"cond-expr","locations":[{"start":{"line":50,"column":27},"end":{"line":50,"column":40}},{"start":{"line":50,"column":43},"end":{"line":50,"column":52}}]},"12":{"loc":{"start":{"line":51,"column":20},"end":{"line":51,"column":39}},"type":"binary-expr","locations":[{"start":{"line":51,"column":20},"end":{"line":51,"column":26}},{"start":{"line":51,"column":30},"end":{"line":51,"column":39}}]},"13":{"loc":{"start":{"line":61,"column":27},"end":{"line":61,"column":96}},"type":"cond-expr","locations":[{"start":{"line":61,"column":52},"end":{"line":61,"column":65}},{"start":{"line":61,"column":68},"end":{"line":61,"column":96}}]},"14":{"loc":{"start":{"line":73,"column":27},"end":{"line":73,"column":83}},"type":"cond-expr","locations":[{"start":{"line":73,"column":52},"end":{"line":73,"column":65}},{"start":{"line":73,"column":68},"end":{"line":73,"column":83}}]},"15":{"loc":{"start":{"line":85,"column":27},"end":{"line":85,"column":96}},"type":"cond-expr","locations":[{"start":{"line":85,"column":52},"end":{"line":85,"column":65}},{"start":{"line":85,"column":68},"end":{"line":85,"column":96}}]},"16":{"loc":{"start":{"line":97,"column":27},"end":{"line":97,"column":83}},"type":"cond-expr","locations":[{"start":{"line":97,"column":52},"end":{"line":97,"column":65}},{"start":{"line":97,"column":68},"end":{"line":97,"column":83}}]},"17":{"loc":{"start":{"line":116,"column":27},"end":{"line":116,"column":83}},"type":"cond-expr","locations":[{"start":{"line":116,"column":52},"end":{"line":116,"column":65}},{"start":{"line":116,"column":68},"end":{"line":116,"column":83}}]},"18":{"loc":{"start":{"line":129,"column":27},"end":{"line":129,"column":96}},"type":"cond-expr","locations":[{"start":{"line":129,"column":52},"end":{"line":129,"column":65}},{"start":{"line":129,"column":68},"end":{"line":129,"column":96}}]},"19":{"loc":{"start":{"line":141,"column":27},"end":{"line":141,"column":83}},"type":"cond-expr","locations":[{"start":{"line":141,"column":52},"end":{"line":141,"column":65}},{"start":{"line":141,"column":68},"end":{"line":141,"column":83}}]},"20":{"loc":{"start":{"line":153,"column":27},"end":{"line":153,"column":96}},"type":"cond-expr","locations":[{"start":{"line":153,"column":52},"end":{"line":153,"column":65}},{"start":{"line":153,"column":68},"end":{"line":153,"column":96}}]},"21":{"loc":{"start":{"line":165,"column":27},"end":{"line":165,"column":83}},"type":"cond-expr","locations":[{"start":{"line":165,"column":52},"end":{"line":165,"column":65}},{"start":{"line":165,"column":68},"end":{"line":165,"column":83}}]},"22":{"loc":{"start":{"line":177,"column":27},"end":{"line":177,"column":96}},"type":"cond-expr","locations":[{"start":{"line":177,"column":52},"end":{"line":177,"column":65}},{"start":{"line":177,"column":68},"end":{"line":177,"column":96}}]},"23":{"loc":{"start":{"line":189,"column":27},"end":{"line":189,"column":83}},"type":"cond-expr","locations":[{"start":{"line":189,"column":52},"end":{"line":189,"column":65}},{"start":{"line":189,"column":68},"end":{"line":189,"column":83}}]},"24":{"loc":{"start":{"line":201,"column":27},"end":{"line":201,"column":96}},"type":"cond-expr","locations":[{"start":{"line":201,"column":52},"end":{"line":201,"column":65}},{"start":{"line":201,"column":68},"end":{"line":201,"column":96}}]},"25":{"loc":{"start":{"line":213,"column":27},"end":{"line":213,"column":83}},"type":"cond-expr","locations":[{"start":{"line":213,"column":52},"end":{"line":213,"column":65}},{"start":{"line":213,"column":68},"end":{"line":213,"column":83}}]},"26":{"loc":{"start":{"line":235,"column":27},"end":{"line":235,"column":83}},"type":"cond-expr","locations":[{"start":{"line":235,"column":52},"end":{"line":235,"column":65}},{"start":{"line":235,"column":68},"end":{"line":235,"column":83}}]},"27":{"loc":{"start":{"line":257,"column":27},"end":{"line":257,"column":83}},"type":"cond-expr","locations":[{"start":{"line":257,"column":52},"end":{"line":257,"column":65}},{"start":{"line":257,"column":68},"end":{"line":257,"column":83}}]},"28":{"loc":{"start":{"line":262,"column":22},"end":{"line":262,"column":57}},"type":"binary-expr","locations":[{"start":{"line":262,"column":22},"end":{"line":262,"column":51}},{"start":{"line":262,"column":55},"end":{"line":262,"column":57}}]},"29":{"loc":{"start":{"line":263,"column":22},"end":{"line":263,"column":57}},"type":"binary-expr","locations":[{"start":{"line":263,"column":22},"end":{"line":263,"column":51}},{"start":{"line":263,"column":55},"end":{"line":263,"column":57}}]},"30":{"loc":{"start":{"line":270,"column":16},"end":{"line":270,"column":57}},"type":"cond-expr","locations":[{"start":{"line":270,"column":28},"end":{"line":270,"column":45}},{"start":{"line":270,"column":48},"end":{"line":270,"column":57}}]},"31":{"loc":{"start":{"line":275,"column":27},"end":{"line":275,"column":96}},"type":"cond-expr","locations":[{"start":{"line":275,"column":52},"end":{"line":275,"column":65}},{"start":{"line":275,"column":68},"end":{"line":275,"column":96}}]},"32":{"loc":{"start":{"line":287,"column":27},"end":{"line":287,"column":83}},"type":"cond-expr","locations":[{"start":{"line":287,"column":52},"end":{"line":287,"column":65}},{"start":{"line":287,"column":68},"end":{"line":287,"column":83}}]},"33":{"loc":{"start":{"line":300,"column":27},"end":{"line":300,"column":96}},"type":"cond-expr","locations":[{"start":{"line":300,"column":52},"end":{"line":300,"column":65}},{"start":{"line":300,"column":68},"end":{"line":300,"column":96}}]}},"s":{"0":1,"1":1,"2":1,"3":11,"4":11,"5":9,"6":2,"7":1,"8":1,"9":9,"10":8,"11":2,"12":6,"13":1,"14":6,"15":6,"16":3,"17":3,"18":3,"19":3,"20":3,"21":3,"22":3,"23":3,"24":3,"25":3,"26":3,"27":2,"28":1,"29":4,"30":4,"31":1,"32":3,"33":3,"34":3,"35":3,"36":1,"37":2,"38":6,"39":6,"40":1,"41":5,"42":5,"43":5,"44":1,"45":4,"46":4,"47":4,"48":1,"49":3,"50":3,"51":3,"52":3,"53":3,"54":1,"55":2,"56":4,"57":4,"58":1,"59":3,"60":3,"61":3,"62":3,"63":1,"64":2,"65":4,"66":4,"67":1,"68":3,"69":3,"70":3,"71":3,"72":2,"73":1,"74":4,"75":4,"76":1,"77":3,"78":3,"79":3,"80":3,"81":1,"82":2,"83":5,"84":5,"85":1,"86":4,"87":4,"88":4,"89":4,"90":4,"91":1,"92":3,"93":4,"94":4,"95":1,"96":3,"97":3,"98":3,"99":3,"100":3,"101":1,"102":2,"103":3,"104":3,"105":0,"106":3,"107":3,"108":3,"109":3,"110":3,"111":3,"112":3,"113":0,"114":3,"115":3,"116":0,"117":3,"118":3,"119":3,"120":3,"121":3,"122":1,"123":2,"124":1},"f":{"0":11,"1":9,"2":6,"3":4,"4":6,"5":4,"6":4,"7":4,"8":4,"9":5,"10":4,"11":3,"12":3},"b":{"0":[11,0],"1":[9,2],"2":[1,1],"3":[8,1],"4":[2,6],"5":[8,7],"6":[3,0],"7":[3,2],"8":[3,2],"9":[3,2],"10":[1,2],"11":[0,3],"12":[3,3],"13":[1,0],"14":[1,0],"15":[2,0],"16":[1,0],"17":[1,0],"18":[2,0],"19":[1,0],"20":[2,0],"21":[1,0],"22":[1,0],"23":[1,0],"24":[2,0],"25":[1,0],"26":[1,0],"27":[0,0],"28":[3,0],"29":[3,2],"30":[1,2],"31":[0,0],"32":[0,0],"33":[2,0]}}
,"/home/shadex/workspace/test/nCargoWebPage/src/modules/employees/services/employee.service.ts": {"path":"/home/shadex/workspace/test/nCargoWebPage/src/modules/employees/services/employee.service.ts","statementMap":{"0":{"start":{"line":30,"column":0},"end":{"line":30,"column":16}},"1":{"start":{"line":1,"column":0},"end":{"line":1,"column":37}},"2":{"start":{"line":2,"column":0},"end":{"line":2,"column":72}},"3":{"start":{"line":3,"column":0},"end":{"line":3,"column":72}},"4":{"start":{"line":4,"column":0},"end":{"line":4,"column":76}},"5":{"start":{"line":5,"column":0},"end":{"line":5,"column":64}},"6":{"start":{"line":14,"column":0},"end":{"line":14,"column":62}},"7":{"start":{"line":21,"column":17},"end":{"line":21,"column":162}},"8":{"start":{"line":24,"column":20},"end":{"line":24,"column":32}},"9":{"start":{"line":25,"column":4},"end":{"line":25,"column":null}},"10":{"start":{"line":25,"column":18},"end":{"line":25,"column":null}},"11":{"start":{"line":26,"column":4},"end":{"line":26,"column":null}},"12":{"start":{"line":26,"column":30},"end":{"line":26,"column":null}},"13":{"start":{"line":27,"column":4},"end":{"line":27,"column":null}},"14":{"start":{"line":27,"column":33},"end":{"line":27,"column":null}},"15":{"start":{"line":31,"column":4},"end":{"line":31,"column":null}},"16":{"start":{"line":36,"column":22},"end":{"line":36,"column":76}},"17":{"start":{"line":37,"column":26},"end":{"line":37,"column":88}},"18":{"start":{"line":38,"column":31},"end":{"line":38,"column":76}},"19":{"start":{"line":38,"column":58},"end":{"line":38,"column":75}},"20":{"start":{"line":40,"column":8},"end":{"line":56,"column":null}},"21":{"start":{"line":53,"column":37},"end":{"line":53,"column":46}},"22":{"start":{"line":60,"column":36},"end":{"line":63,"column":10}},"23":{"start":{"line":65,"column":8},"end":{"line":74,"column":null}},"24":{"start":{"line":80,"column":54},"end":{"line":84,"column":10}},"25":{"start":{"line":86,"column":25},"end":{"line":86,"column":84}},"26":{"start":{"line":88,"column":31},"end":{"line":88,"column":47}},"27":{"start":{"line":89,"column":31},"end":{"line":89,"column":44}},"28":{"start":{"line":91,"column":8},"end":{"line":99,"column":9}},"29":{"start":{"line":92,"column":12},"end":{"line":93,"column":null}},"30":{"start":{"line":93,"column":16},"end":{"line":93,"column":null}},"31":{"start":{"line":94,"column":12},"end":{"line":98,"column":13}},"32":{"start":{"line":95,"column":29},"end":{"line":95,"column":50}},"33":{"start":{"line":96,"column":16},"end":{"line":97,"column":null}},"34":{"start":{"line":97,"column":20},"end":{"line":97,"column":null}},"35":{"start":{"line":100,"column":8},"end":{"line":108,"column":9}},"36":{"start":{"line":101,"column":12},"end":{"line":102,"column":null}},"37":{"start":{"line":102,"column":16},"end":{"line":102,"column":null}},"38":{"start":{"line":103,"column":12},"end":{"line":107,"column":13}},"39":{"start":{"line":104,"column":32},"end":{"line":104,"column":58}},"40":{"start":{"line":105,"column":16},"end":{"line":106,"column":null}},"41":{"start":{"line":106,"column":20},"end":{"line":106,"column":null}},"42":{"start":{"line":112,"column":37},"end":{"line":112,"column":82}},"43":{"start":{"line":113,"column":29},"end":{"line":113,"column":101}},"44":{"start":{"line":113,"column":68},"end":{"line":113,"column":99}},"45":{"start":{"line":114,"column":8},"end":{"line":119,"column":null}},"46":{"start":{"line":123,"column":25},"end":{"line":123,"column":69}},"47":{"start":{"line":125,"column":8},"end":{"line":127,"column":9}},"48":{"start":{"line":126,"column":12},"end":{"line":126,"column":null}},"49":{"start":{"line":129,"column":8},"end":{"line":129,"column":null}},"50":{"start":{"line":133,"column":37},"end":{"line":136,"column":10}},"51":{"start":{"line":137,"column":8},"end":{"line":140,"column":null}},"52":{"start":{"line":144,"column":145},"end":{"line":144,"column":149}},"53":{"start":{"line":146,"column":8},"end":{"line":146,"column":null}},"54":{"start":{"line":146,"column":32},"end":{"line":146,"column":null}},"55":{"start":{"line":147,"column":8},"end":{"line":147,"column":null}},"56":{"start":{"line":147,"column":31},"end":{"line":147,"column":null}},"57":{"start":{"line":148,"column":8},"end":{"line":148,"column":null}},"58":{"start":{"line":148,"column":43},"end":{"line":148,"column":null}},"59":{"start":{"line":149,"column":8},"end":{"line":149,"column":null}},"60":{"start":{"line":149,"column":35},"end":{"line":149,"column":null}},"61":{"start":{"line":150,"column":8},"end":{"line":150,"column":null}},"62":{"start":{"line":151,"column":32},"end":{"line":151,"column":58}},"63":{"start":{"line":153,"column":25},"end":{"line":153,"column":121}},"64":{"start":{"line":154,"column":8},"end":{"line":157,"column":9}},"65":{"start":{"line":155,"column":27},"end":{"line":155,"column":75}},"66":{"start":{"line":156,"column":12},"end":{"line":156,"column":null}},"67":{"start":{"line":159,"column":28},"end":{"line":159,"column":90}},"68":{"start":{"line":160,"column":8},"end":{"line":162,"column":9}},"69":{"start":{"line":161,"column":12},"end":{"line":161,"column":null}},"70":{"start":{"line":164,"column":8},"end":{"line":165,"column":null}},"71":{"start":{"line":165,"column":12},"end":{"line":165,"column":null}},"72":{"start":{"line":168,"column":8},"end":{"line":170,"column":9}},"73":{"start":{"line":169,"column":12},"end":{"line":169,"column":null}},"74":{"start":{"line":172,"column":29},"end":{"line":172,"column":61}},"75":{"start":{"line":175,"column":25},"end":{"line":220,"column":10}},"76":{"start":{"line":176,"column":24},"end":{"line":188,"column":14}},"77":{"start":{"line":190,"column":12},"end":{"line":192,"column":13}},"78":{"start":{"line":191,"column":16},"end":{"line":191,"column":null}},"79":{"start":{"line":194,"column":12},"end":{"line":217,"column":13}},"80":{"start":{"line":195,"column":34},"end":{"line":195,"column":69}},"81":{"start":{"line":196,"column":36},"end":{"line":207,"column":18}},"82":{"start":{"line":209,"column":16},"end":{"line":216,"column":null}},"83":{"start":{"line":219,"column":12},"end":{"line":219,"column":null}},"84":{"start":{"line":222,"column":8},"end":{"line":222,"column":null}},"85":{"start":{"line":226,"column":47},"end":{"line":226,"column":51}},"86":{"start":{"line":227,"column":8},"end":{"line":227,"column":null}},"87":{"start":{"line":227,"column":59},"end":{"line":227,"column":null}},"88":{"start":{"line":228,"column":82},"end":{"line":231,"column":null}},"89":{"start":{"line":232,"column":8},"end":{"line":234,"column":9}},"90":{"start":{"line":233,"column":12},"end":{"line":233,"column":null}},"91":{"start":{"line":235,"column":32},"end":{"line":235,"column":85}},"92":{"start":{"line":237,"column":8},"end":{"line":247,"column":9}},"93":{"start":{"line":238,"column":26},"end":{"line":238,"column":36}},"94":{"start":{"line":239,"column":12},"end":{"line":242,"column":null}},"95":{"start":{"line":243,"column":12},"end":{"line":246,"column":null}},"96":{"start":{"line":249,"column":8},"end":{"line":254,"column":9}},"97":{"start":{"line":250,"column":12},"end":{"line":250,"column":null}},"98":{"start":{"line":251,"column":12},"end":{"line":253,"column":13}},"99":{"start":{"line":252,"column":16},"end":{"line":252,"column":null}},"100":{"start":{"line":256,"column":8},"end":{"line":256,"column":null}},"101":{"start":{"line":260,"column":22},"end":{"line":260,"column":32}},"102":{"start":{"line":261,"column":8},"end":{"line":270,"column":null}},"103":{"start":{"line":271,"column":8},"end":{"line":271,"column":null}},"104":{"start":{"line":275,"column":26},"end":{"line":275,"column":87}},"105":{"start":{"line":276,"column":8},"end":{"line":276,"column":null}},"106":{"start":{"line":276,"column":53},"end":{"line":276,"column":89}},"107":{"start":{"line":280,"column":25},"end":{"line":280,"column":70}},"108":{"start":{"line":281,"column":8},"end":{"line":281,"column":null}},"109":{"start":{"line":281,"column":23},"end":{"line":281,"column":null}},"110":{"start":{"line":282,"column":8},"end":{"line":282,"column":null}},"111":{"start":{"line":286,"column":8},"end":{"line":286,"column":null}},"112":{"start":{"line":288,"column":29},"end":{"line":288,"column":53}},"113":{"start":{"line":290,"column":25},"end":{"line":327,"column":10}},"114":{"start":{"line":291,"column":36},"end":{"line":291,"column":58}},"115":{"start":{"line":292,"column":12},"end":{"line":292,"column":null}},"116":{"start":{"line":294,"column":12},"end":{"line":297,"column":null}},"117":{"start":{"line":299,"column":12},"end":{"line":302,"column":null}},"118":{"start":{"line":304,"column":32},"end":{"line":315,"column":14}},"119":{"start":{"line":317,"column":12},"end":{"line":324,"column":null}},"120":{"start":{"line":326,"column":12},"end":{"line":326,"column":null}},"121":{"start":{"line":329,"column":8},"end":{"line":329,"column":null}},"122":{"start":{"line":333,"column":8},"end":{"line":334,"column":null}},"123":{"start":{"line":334,"column":12},"end":{"line":334,"column":null}},"124":{"start":{"line":335,"column":8},"end":{"line":336,"column":null}},"125":{"start":{"line":336,"column":12},"end":{"line":336,"column":null}},"126":{"start":{"line":337,"column":27},"end":{"line":337,"column":38}},"127":{"start":{"line":338,"column":8},"end":{"line":340,"column":9}},"128":{"start":{"line":339,"column":12},"end":{"line":339,"column":null}},"129":{"start":{"line":341,"column":25},"end":{"line":341,"column":88}},"130":{"start":{"line":342,"column":8},"end":{"line":342,"column":null}},"131":{"start":{"line":346,"column":27},"end":{"line":346,"column":91}},"132":{"start":{"line":347,"column":8},"end":{"line":347,"column":null}},"133":{"start":{"line":351,"column":28},"end":{"line":351,"column":32}},"134":{"start":{"line":353,"column":8},"end":{"line":355,"column":9}},"135":{"start":{"line":354,"column":12},"end":{"line":354,"column":null}},"136":{"start":{"line":357,"column":32},"end":{"line":357,"column":84}},"137":{"start":{"line":359,"column":8},"end":{"line":361,"column":9}},"138":{"start":{"line":360,"column":12},"end":{"line":360,"column":null}},"139":{"start":{"line":363,"column":8},"end":{"line":363,"column":null}},"140":{"start":{"line":367,"column":13},"end":{"line":367,"column":null}}},"fnMap":{"0":{"name":"assertValidEmail","decl":{"start":{"line":23,"column":9},"end":{"line":23,"column":25}},"loc":{"start":{"line":23,"column":39},"end":{"line":28,"column":1}}},"1":{"name":"fullName","decl":{"start":{"line":30,"column":16},"end":{"line":30,"column":24}},"loc":{"start":{"line":30,"column":69},"end":{"line":32,"column":1}}},"2":{"name":"(anonymous_2)","decl":{"start":{"line":35,"column":12},"end":{"line":35,"column":17}},"loc":{"start":{"line":35,"column":68},"end":{"line":57,"column":5}}},"3":{"name":"(anonymous_3)","decl":{"start":{"line":38,"column":46},"end":{"line":38,"column":54}},"loc":{"start":{"line":38,"column":58},"end":{"line":38,"column":75}}},"4":{"name":"(anonymous_4)","decl":{"start":{"line":53,"column":29},"end":{"line":53,"column":33}},"loc":{"start":{"line":53,"column":37},"end":{"line":53,"column":46}}},"5":{"name":"(anonymous_5)","decl":{"start":{"line":59,"column":12},"end":{"line":59,"column":17}},"loc":{"start":{"line":59,"column":58},"end":{"line":75,"column":5}}},"6":{"name":"(anonymous_6)","decl":{"start":{"line":79,"column":12},"end":{"line":79,"column":17}},"loc":{"start":{"line":79,"column":98},"end":{"line":109,"column":5}}},"7":{"name":"(anonymous_7)","decl":{"start":{"line":111,"column":4},"end":{"line":111,"column":9}},"loc":{"start":{"line":111,"column":43},"end":{"line":120,"column":5}}},"8":{"name":"(anonymous_8)","decl":{"start":{"line":113,"column":61},"end":{"line":113,"column":64}},"loc":{"start":{"line":113,"column":68},"end":{"line":113,"column":99}}},"9":{"name":"(anonymous_9)","decl":{"start":{"line":122,"column":4},"end":{"line":122,"column":9}},"loc":{"start":{"line":122,"column":28},"end":{"line":130,"column":5}}},"10":{"name":"(anonymous_10)","decl":{"start":{"line":132,"column":4},"end":{"line":132,"column":9}},"loc":{"start":{"line":132,"column":74},"end":{"line":141,"column":5}}},"11":{"name":"(anonymous_11)","decl":{"start":{"line":143,"column":4},"end":{"line":143,"column":9}},"loc":{"start":{"line":143,"column":40},"end":{"line":223,"column":5}}},"12":{"name":"(anonymous_12)","decl":{"start":{"line":175,"column":51},"end":{"line":175,"column":56}},"loc":{"start":{"line":175,"column":64},"end":{"line":220,"column":9}}},"13":{"name":"(anonymous_13)","decl":{"start":{"line":225,"column":4},"end":{"line":225,"column":9}},"loc":{"start":{"line":225,"column":52},"end":{"line":257,"column":5}}},"14":{"name":"(anonymous_14)","decl":{"start":{"line":259,"column":4},"end":{"line":259,"column":9}},"loc":{"start":{"line":259,"column":27},"end":{"line":272,"column":5}}},"15":{"name":"(anonymous_15)","decl":{"start":{"line":274,"column":4},"end":{"line":274,"column":9}},"loc":{"start":{"line":274,"column":41},"end":{"line":277,"column":5}}},"16":{"name":"(anonymous_16)","decl":{"start":{"line":276,"column":41},"end":{"line":276,"column":49}},"loc":{"start":{"line":276,"column":53},"end":{"line":276,"column":89}}},"17":{"name":"(anonymous_17)","decl":{"start":{"line":279,"column":4},"end":{"line":279,"column":9}},"loc":{"start":{"line":279,"column":45},"end":{"line":283,"column":5}}},"18":{"name":"(anonymous_18)","decl":{"start":{"line":285,"column":4},"end":{"line":285,"column":9}},"loc":{"start":{"line":285,"column":68},"end":{"line":330,"column":5}}},"19":{"name":"(anonymous_19)","decl":{"start":{"line":290,"column":51},"end":{"line":290,"column":56}},"loc":{"start":{"line":290,"column":64},"end":{"line":327,"column":9}}},"20":{"name":"(anonymous_20)","decl":{"start":{"line":332,"column":4},"end":{"line":332,"column":9}},"loc":{"start":{"line":332,"column":68},"end":{"line":343,"column":5}}},"21":{"name":"(anonymous_21)","decl":{"start":{"line":345,"column":4},"end":{"line":345,"column":9}},"loc":{"start":{"line":345,"column":42},"end":{"line":348,"column":5}}},"22":{"name":"(anonymous_22)","decl":{"start":{"line":350,"column":4},"end":{"line":350,"column":9}},"loc":{"start":{"line":350,"column":61},"end":{"line":364,"column":5}}}},"branchMap":{"0":{"loc":{"start":{"line":25,"column":4},"end":{"line":25,"column":null}},"type":"if","locations":[{"start":{"line":25,"column":4},"end":{"line":25,"column":null}},{"start":{},"end":{}}]},"1":{"loc":{"start":{"line":26,"column":4},"end":{"line":26,"column":null}},"type":"if","locations":[{"start":{"line":26,"column":4},"end":{"line":26,"column":null}},{"start":{},"end":{}}]},"2":{"loc":{"start":{"line":27,"column":4},"end":{"line":27,"column":null}},"type":"if","locations":[{"start":{"line":27,"column":4},"end":{"line":27,"column":null}},{"start":{},"end":{}}]},"3":{"loc":{"start":{"line":54,"column":28},"end":{"line":54,"column":100}},"type":"cond-expr","locations":[{"start":{"line":54,"column":45},"end":{"line":54,"column":93}},{"start":{"line":54,"column":96},"end":{"line":54,"column":100}}]},"4":{"loc":{"start":{"line":67,"column":17},"end":{"line":67,"column":77}},"type":"binary-expr","locations":[{"start":{"line":67,"column":17},"end":{"line":67,"column":20}},{"start":{"line":67,"column":24},"end":{"line":67,"column":77}}]},"5":{"loc":{"start":{"line":68,"column":26},"end":{"line":68,"column":84}},"type":"binary-expr","locations":[{"start":{"line":68,"column":26},"end":{"line":68,"column":38}},{"start":{"line":68,"column":42},"end":{"line":68,"column":84}}]},"6":{"loc":{"start":{"line":86,"column":25},"end":{"line":86,"column":84}},"type":"binary-expr","locations":[{"start":{"line":86,"column":25},"end":{"line":86,"column":75}},{"start":{"line":86,"column":79},"end":{"line":86,"column":84}}]},"7":{"loc":{"start":{"line":91,"column":8},"end":{"line":99,"column":9}},"type":"if","locations":[{"start":{"line":91,"column":8},"end":{"line":99,"column":9}},{"start":{},"end":{}}]},"8":{"loc":{"start":{"line":92,"column":12},"end":{"line":93,"column":null}},"type":"if","locations":[{"start":{"line":92,"column":12},"end":{"line":93,"column":null}},{"start":{},"end":{}}]},"9":{"loc":{"start":{"line":94,"column":12},"end":{"line":98,"column":13}},"type":"if","locations":[{"start":{"line":94,"column":12},"end":{"line":98,"column":13}},{"start":{},"end":{}}]},"10":{"loc":{"start":{"line":96,"column":16},"end":{"line":97,"column":null}},"type":"if","locations":[{"start":{"line":96,"column":16},"end":{"line":97,"column":null}},{"start":{},"end":{}}]},"11":{"loc":{"start":{"line":100,"column":8},"end":{"line":108,"column":9}},"type":"if","locations":[{"start":{"line":100,"column":8},"end":{"line":108,"column":9}},{"start":{},"end":{}}]},"12":{"loc":{"start":{"line":101,"column":12},"end":{"line":102,"column":null}},"type":"if","locations":[{"start":{"line":101,"column":12},"end":{"line":102,"column":null}},{"start":{},"end":{}}]},"13":{"loc":{"start":{"line":103,"column":12},"end":{"line":107,"column":13}},"type":"if","locations":[{"start":{"line":103,"column":12},"end":{"line":107,"column":13}},{"start":{},"end":{}}]},"14":{"loc":{"start":{"line":105,"column":16},"end":{"line":106,"column":null}},"type":"if","locations":[{"start":{"line":105,"column":16},"end":{"line":106,"column":null}},{"start":{},"end":{}}]},"15":{"loc":{"start":{"line":117,"column":18},"end":{"line":117,"column":34}},"type":"binary-expr","locations":[{"start":{"line":117,"column":18},"end":{"line":117,"column":29}},{"start":{"line":117,"column":33},"end":{"line":117,"column":34}}]},"16":{"loc":{"start":{"line":118,"column":19},"end":{"line":118,"column":37}},"type":"binary-expr","locations":[{"start":{"line":118,"column":19},"end":{"line":118,"column":31}},{"start":{"line":118,"column":35},"end":{"line":118,"column":37}}]},"17":{"loc":{"start":{"line":125,"column":8},"end":{"line":127,"column":9}},"type":"if","locations":[{"start":{"line":125,"column":8},"end":{"line":127,"column":9}},{"start":{},"end":{}}]},"18":{"loc":{"start":{"line":134,"column":12},"end":{"line":134,"column":84}},"type":"cond-expr","locations":[{"start":{"line":134,"column":20},"end":{"line":134,"column":77}},{"start":{"line":134,"column":80},"end":{"line":134,"column":84}}]},"19":{"loc":{"start":{"line":135,"column":12},"end":{"line":135,"column":75}},"type":"cond-expr","locations":[{"start":{"line":135,"column":20},"end":{"line":135,"column":68}},{"start":{"line":135,"column":71},"end":{"line":135,"column":75}}]},"20":{"loc":{"start":{"line":138,"column":24},"end":{"line":138,"column":65}},"type":"cond-expr","locations":[{"start":{"line":138,"column":35},"end":{"line":138,"column":53}},{"start":{"line":138,"column":56},"end":{"line":138,"column":65}}]},"21":{"loc":{"start":{"line":139,"column":24},"end":{"line":139,"column":65}},"type":"cond-expr","locations":[{"start":{"line":139,"column":35},"end":{"line":139,"column":53}},{"start":{"line":139,"column":56},"end":{"line":139,"column":65}}]},"22":{"loc":{"start":{"line":146,"column":8},"end":{"line":146,"column":null}},"type":"if","locations":[{"start":{"line":146,"column":8},"end":{"line":146,"column":null}},{"start":{},"end":{}}]},"23":{"loc":{"start":{"line":147,"column":8},"end":{"line":147,"column":null}},"type":"if","locations":[{"start":{"line":147,"column":8},"end":{"line":147,"column":null}},{"start":{},"end":{}}]},"24":{"loc":{"start":{"line":148,"column":8},"end":{"line":148,"column":null}},"type":"if","locations":[{"start":{"line":148,"column":8},"end":{"line":148,"column":null}},{"start":{},"end":{}}]},"25":{"loc":{"start":{"line":149,"column":8},"end":{"line":149,"column":null}},"type":"if","locations":[{"start":{"line":149,"column":8},"end":{"line":149,"column":null}},{"start":{},"end":{}}]},"26":{"loc":{"start":{"line":154,"column":8},"end":{"line":157,"column":9}},"type":"if","locations":[{"start":{"line":154,"column":8},"end":{"line":157,"column":9}},{"start":{},"end":{}}]},"27":{"loc":{"start":{"line":155,"column":27},"end":{"line":155,"column":75}},"type":"binary-expr","locations":[{"start":{"line":155,"column":27},"end":{"line":155,"column":60}},{"start":{"line":155,"column":64},"end":{"line":155,"column":75}}]},"28":{"loc":{"start":{"line":160,"column":8},"end":{"line":162,"column":9}},"type":"if","locations":[{"start":{"line":160,"column":8},"end":{"line":162,"column":9}},{"start":{},"end":{}}]},"29":{"loc":{"start":{"line":164,"column":8},"end":{"line":165,"column":null}},"type":"if","locations":[{"start":{"line":164,"column":8},"end":{"line":165,"column":null}},{"start":{},"end":{}}]},"30":{"loc":{"start":{"line":164,"column":12},"end":{"line":164,"column":125}},"type":"binary-expr","locations":[{"start":{"line":164,"column":12},"end":{"line":164,"column":21}},{"start":{"line":164,"column":25},"end":{"line":164,"column":44}},{"start":{"line":164,"column":48},"end":{"line":164,"column":71}},{"start":{"line":164,"column":75},"end":{"line":164,"column":98}},{"start":{"line":164,"column":102},"end":{"line":164,"column":125}}]},"31":{"loc":{"start":{"line":168,"column":8},"end":{"line":170,"column":9}},"type":"if","locations":[{"start":{"line":168,"column":8},"end":{"line":170,"column":9}},{"start":{},"end":{}}]},"32":{"loc":{"start":{"line":185,"column":30},"end":{"line":185,"column":44}},"type":"binary-expr","locations":[{"start":{"line":185,"column":30},"end":{"line":185,"column":38}},{"start":{"line":185,"column":42},"end":{"line":185,"column":44}}]},"33":{"loc":{"start":{"line":194,"column":12},"end":{"line":217,"column":13}},"type":"if","locations":[{"start":{"line":194,"column":12},"end":{"line":217,"column":13}},{"start":{},"end":{}}]},"34":{"loc":{"start":{"line":204,"column":33},"end":{"line":204,"column":99}},"type":"cond-expr","locations":[{"start":{"line":204,"column":59},"end":{"line":204,"column":92}},{"start":{"line":204,"column":95},"end":{"line":204,"column":99}}]},"35":{"loc":{"start":{"line":227,"column":8},"end":{"line":227,"column":null}},"type":"if","locations":[{"start":{"line":227,"column":8},"end":{"line":227,"column":null}},{"start":{},"end":{}}]},"36":{"loc":{"start":{"line":227,"column":12},"end":{"line":227,"column":57}},"type":"binary-expr","locations":[{"start":{"line":227,"column":12},"end":{"line":227,"column":36}},{"start":{"line":227,"column":40},"end":{"line":227,"column":57}}]},"37":{"loc":{"start":{"line":230,"column":16},"end":{"line":230,"column":72}},"type":"binary-expr","locations":[{"start":{"line":230,"column":16},"end":{"line":230,"column":26}},{"start":{"line":230,"column":30},"end":{"line":230,"column":72}}]},"38":{"loc":{"start":{"line":232,"column":8},"end":{"line":234,"column":9}},"type":"if","locations":[{"start":{"line":232,"column":8},"end":{"line":234,"column":9}},{"start":{},"end":{}}]},"39":{"loc":{"start":{"line":237,"column":8},"end":{"line":247,"column":9}},"type":"if","locations":[{"start":{"line":237,"column":8},"end":{"line":247,"column":9}},{"start":{},"end":{}}]},"40":{"loc":{"start":{"line":249,"column":8},"end":{"line":254,"column":9}},"type":"if","locations":[{"start":{"line":249,"column":8},"end":{"line":254,"column":9}},{"start":{},"end":{}}]},"41":{"loc":{"start":{"line":281,"column":8},"end":{"line":281,"column":null}},"type":"if","locations":[{"start":{"line":281,"column":8},"end":{"line":281,"column":null}},{"start":{},"end":{}}]},"42":{"loc":{"start":{"line":312,"column":29},"end":{"line":312,"column":73}},"type":"cond-expr","locations":[{"start":{"line":312,"column":44},"end":{"line":312,"column":66}},{"start":{"line":312,"column":69},"end":{"line":312,"column":73}}]},"43":{"loc":{"start":{"line":333,"column":8},"end":{"line":334,"column":null}},"type":"if","locations":[{"start":{"line":333,"column":8},"end":{"line":334,"column":null}},{"start":{},"end":{}}]},"44":{"loc":{"start":{"line":333,"column":12},"end":{"line":333,"column":71}},"type":"binary-expr","locations":[{"start":{"line":333,"column":12},"end":{"line":333,"column":37}},{"start":{"line":333,"column":41},"end":{"line":333,"column":71}}]},"45":{"loc":{"start":{"line":335,"column":8},"end":{"line":336,"column":null}},"type":"if","locations":[{"start":{"line":335,"column":8},"end":{"line":336,"column":null}},{"start":{},"end":{}}]},"46":{"loc":{"start":{"line":335,"column":12},"end":{"line":335,"column":76}},"type":"binary-expr","locations":[{"start":{"line":335,"column":12},"end":{"line":335,"column":41}},{"start":{"line":335,"column":45},"end":{"line":335,"column":76}}]},"47":{"loc":{"start":{"line":338,"column":8},"end":{"line":340,"column":9}},"type":"if","locations":[{"start":{"line":338,"column":8},"end":{"line":340,"column":9}},{"start":{},"end":{}}]},"48":{"loc":{"start":{"line":359,"column":8},"end":{"line":361,"column":9}},"type":"if","locations":[{"start":{"line":359,"column":8},"end":{"line":361,"column":9}},{"start":{},"end":{}}]}},"s":{"0":1,"1":1,"2":1,"3":1,"4":1,"5":1,"6":1,"7":1,"8":7,"9":7,"10":0,"11":7,"12":0,"13":7,"14":1,"15":13,"16":11,"17":11,"18":11,"19":0,"20":11,"21":9,"22":8,"23":8,"24":9,"25":9,"26":9,"27":9,"28":9,"29":7,"30":1,"31":6,"32":1,"33":1,"34":1,"35":7,"36":2,"37":1,"38":1,"39":1,"40":1,"41":1,"42":3,"43":2,"44":1,"45":2,"46":3,"47":3,"48":2,"49":1,"50":3,"51":3,"52":6,"53":6,"54":0,"55":6,"56":0,"57":6,"58":0,"59":6,"60":0,"61":6,"62":6,"63":6,"64":6,"65":1,"66":1,"67":5,"68":5,"69":1,"70":4,"71":1,"72":3,"73":1,"74":3,"75":3,"76":3,"77":3,"78":3,"79":3,"80":1,"81":1,"82":1,"83":3,"84":3,"85":6,"86":6,"87":1,"88":5,"89":5,"90":0,"91":5,"92":4,"93":1,"94":1,"95":1,"96":4,"97":1,"98":1,"99":1,"100":4,"101":3,"102":3,"103":3,"104":3,"105":2,"106":1,"107":3,"108":3,"109":2,"110":1,"111":8,"112":4,"113":4,"114":1,"115":1,"116":1,"117":1,"118":1,"119":1,"120":1,"121":3,"122":6,"123":1,"124":5,"125":1,"126":4,"127":4,"128":1,"129":4,"130":3,"131":2,"132":1,"133":3,"134":3,"135":2,"136":3,"137":3,"138":1,"139":2,"140":1},"f":{"0":7,"1":13,"2":11,"3":0,"4":9,"5":8,"6":9,"7":3,"8":1,"9":3,"10":3,"11":6,"12":3,"13":6,"14":3,"15":3,"16":1,"17":3,"18":8,"19":1,"20":6,"21":2,"22":3},"b":{"0":[0,7],"1":[0,7],"2":[1,6],"3":[0,11],"4":[8,0],"5":[8,0],"6":[9,1],"7":[7,2],"8":[1,6],"9":[1,5],"10":[1,0],"11":[2,5],"12":[1,1],"13":[1,0],"14":[1,0],"15":[2,1],"16":[2,1],"17":[2,1],"18":[2,1],"19":[2,1],"20":[1,2],"21":[1,2],"22":[0,6],"23":[0,6],"24":[0,6],"25":[0,6],"26":[1,5],"27":[1,0],"28":[1,4],"29":[1,3],"30":[4,4,4,3,3],"31":[1,2],"32":[3,3],"33":[1,2],"34":[0,1],"35":[1,5],"36":[6,1],"37":[5,0],"38":[0,5],"39":[1,3],"40":[1,3],"41":[2,1],"42":[0,1],"43":[1,5],"44":[6,2],"45":[1,4],"46":[5,1],"47":[1,3],"48":[1,2]}}
}
