TN:
SF:src/modules/employees/controllers/employee.controller.ts
FN:11,authErrorStatus
FN:19,friendlyErrorMessage
FN:30,(anonymous_2)
FN:68,(anonymous_3)
FN:92,(anonymous_4)
FN:111,(anonymous_5)
FN:136,(anonymous_6)
FN:160,(anonymous_7)
FN:184,(anonymous_8)
FN:208,(anonymous_9)
FN:230,(anonymous_10)
FN:252,(anonymous_11)
FN:282,(anonymous_12)
FNF:13
FNH:13
FNDA:11,authErrorStatus
FNDA:9,friendlyErrorMessage
FNDA:6,(anonymous_2)
FNDA:4,(anonymous_3)
FNDA:6,(anonymous_4)
FNDA:4,(anonymous_5)
FNDA:4,(anonymous_6)
FNDA:4,(anonymous_7)
FNDA:4,(anonymous_8)
FNDA:5,(anonymous_9)
FNDA:4,(anonymous_10)
FNDA:3,(anonymous_11)
FNDA:3,(anonymous_12)
DA:1,1
DA:2,1
DA:9,1
DA:12,11
DA:13,11
DA:14,2
DA:16,1
DA:20,9
DA:21,8
DA:22,2
DA:23,6
DA:25,1
DA:31,6
DA:32,6
DA:34,3
DA:39,3
DA:40,3
DA:41,3
DA:42,3
DA:43,3
DA:44,3
DA:45,3
DA:47,3
DA:56,3
DA:57,3
DA:58,2
DA:60,1
DA:69,4
DA:70,4
DA:72,1
DA:77,3
DA:78,3
DA:80,3
DA:81,3
DA:82,1
DA:84,2
DA:93,6
DA:94,6
DA:96,1
DA:101,5
DA:102,5
DA:103,5
DA:104,1
DA:106,4
DA:112,4
DA:113,4
DA:115,1
DA:120,3
DA:121,3
DA:122,3
DA:124,3
DA:125,3
DA:126,1
DA:128,2
DA:137,4
DA:138,4
DA:140,1
DA:145,3
DA:146,3
DA:148,3
DA:149,3
DA:150,1
DA:152,2
DA:161,4
DA:162,4
DA:164,1
DA:169,3
DA:170,3
DA:172,3
DA:173,3
DA:174,2
DA:176,1
DA:185,4
DA:186,4
DA:188,1
DA:193,3
DA:194,3
DA:196,3
DA:197,3
DA:198,1
DA:200,2
DA:209,5
DA:210,5
DA:212,1
DA:217,4
DA:218,4
DA:219,4
DA:221,4
DA:222,4
DA:223,1
DA:225,3
DA:231,4
DA:232,4
DA:234,1
DA:239,3
DA:240,3
DA:241,3
DA:243,3
DA:244,3
DA:245,1
DA:247,2
DA:253,3
DA:254,3
DA:256,0
DA:261,3
DA:262,3
DA:263,3
DA:264,3
DA:266,3
DA:267,3
DA:272,3
DA:274,0
DA:283,3
DA:284,3
DA:286,0
DA:291,3
DA:292,3
DA:293,3
DA:295,3
DA:296,3
DA:297,1
DA:299,2
DA:307,1
LF:123
LH:120
BRDA:12,0,0,11
BRDA:12,0,1,0
BRDA:13,1,0,9
BRDA:13,1,1,2
BRDA:14,2,0,1
BRDA:14,2,1,1
BRDA:20,3,0,8
BRDA:20,3,1,1
BRDA:21,4,0,2
BRDA:21,4,1,6
BRDA:21,5,0,8
BRDA:21,5,1,7
BRDA:35,6,0,3
BRDA:35,6,1,0
BRDA:40,7,0,3
BRDA:40,7,1,2
BRDA:41,8,0,3
BRDA:41,8,1,2
BRDA:48,9,0,3
BRDA:48,9,1,2
BRDA:49,10,0,1
BRDA:49,10,1,2
BRDA:50,11,0,0
BRDA:50,11,1,3
BRDA:51,12,0,3
BRDA:51,12,1,3
BRDA:61,13,0,1
BRDA:61,13,1,0
BRDA:73,14,0,1
BRDA:73,14,1,0
BRDA:85,15,0,2
BRDA:85,15,1,0
BRDA:97,16,0,1
BRDA:97,16,1,0
BRDA:116,17,0,1
BRDA:116,17,1,0
BRDA:129,18,0,2
BRDA:129,18,1,0
BRDA:141,19,0,1
BRDA:141,19,1,0
BRDA:153,20,0,2
BRDA:153,20,1,0
BRDA:165,21,0,1
BRDA:165,21,1,0
BRDA:177,22,0,1
BRDA:177,22,1,0
BRDA:189,23,0,1
BRDA:189,23,1,0
BRDA:201,24,0,2
BRDA:201,24,1,0
BRDA:213,25,0,1
BRDA:213,25,1,0
BRDA:235,26,0,1
BRDA:235,26,1,0
BRDA:257,27,0,0
BRDA:257,27,1,0
BRDA:262,28,0,3
BRDA:262,28,1,0
BRDA:263,29,0,3
BRDA:263,29,1,2
BRDA:270,30,0,1
BRDA:270,30,1,2
BRDA:275,31,0,0
BRDA:275,31,1,0
BRDA:287,32,0,0
BRDA:287,32,1,0
BRDA:300,33,0,2
BRDA:300,33,1,0
BRF:68
BRH:43
end_of_record
TN:
SF:src/modules/employees/services/employee.service.ts
FN:23,assertValidEmail
FN:30,fullName
FN:35,(anonymous_2)
FN:38,(anonymous_3)
FN:53,(anonymous_4)
FN:59,(anonymous_5)
FN:79,(anonymous_6)
FN:111,(anonymous_7)
FN:113,(anonymous_8)
FN:122,(anonymous_9)
FN:132,(anonymous_10)
FN:143,(anonymous_11)
FN:175,(anonymous_12)
FN:225,(anonymous_13)
FN:259,(anonymous_14)
FN:274,(anonymous_15)
FN:276,(anonymous_16)
FN:279,(anonymous_17)
FN:285,(anonymous_18)
FN:290,(anonymous_19)
FN:332,(anonymous_20)
FN:345,(anonymous_21)
FN:350,(anonymous_22)
FNF:23
FNH:22
FNDA:7,assertValidEmail
FNDA:13,fullName
FNDA:11,(anonymous_2)
FNDA:0,(anonymous_3)
FNDA:9,(anonymous_4)
FNDA:8,(anonymous_5)
FNDA:9,(anonymous_6)
FNDA:3,(anonymous_7)
FNDA:1,(anonymous_8)
FNDA:3,(anonymous_9)
FNDA:3,(anonymous_10)
FNDA:6,(anonymous_11)
FNDA:3,(anonymous_12)
FNDA:6,(anonymous_13)
FNDA:3,(anonymous_14)
FNDA:3,(anonymous_15)
FNDA:1,(anonymous_16)
FNDA:3,(anonymous_17)
FNDA:8,(anonymous_18)
FNDA:1,(anonymous_19)
FNDA:6,(anonymous_20)
FNDA:2,(anonymous_21)
FNDA:3,(anonymous_22)
DA:1,1
DA:2,1
DA:3,1
DA:4,1
DA:5,1
DA:14,1
DA:21,1
DA:24,7
DA:25,7
DA:26,7
DA:27,7
DA:30,1
DA:31,13
DA:36,11
DA:37,11
DA:38,11
DA:40,11
DA:53,9
DA:60,8
DA:65,8
DA:80,9
DA:86,9
DA:88,9
DA:89,9
DA:91,9
DA:92,7
DA:93,1
DA:94,6
DA:95,1
DA:96,1
DA:97,1
DA:100,7
DA:101,2
DA:102,1
DA:103,1
DA:104,1
DA:105,1
DA:106,1
DA:112,3
DA:113,2
DA:114,2
DA:123,3
DA:125,3
DA:126,2
DA:129,1
DA:133,3
DA:137,3
DA:144,6
DA:146,6
DA:147,6
DA:148,6
DA:149,6
DA:150,6
DA:151,6
DA:153,6
DA:154,6
DA:155,1
DA:156,1
DA:159,5
DA:160,5
DA:161,1
DA:164,4
DA:165,1
DA:168,3
DA:169,1
DA:172,3
DA:175,3
DA:176,3
DA:190,3
DA:191,3
DA:194,3
DA:195,1
DA:196,1
DA:209,1
DA:219,3
DA:222,3
DA:226,6
DA:227,6
DA:228,5
DA:232,5
DA:233,0
DA:235,5
DA:237,4
DA:238,1
DA:239,1
DA:243,1
DA:249,4
DA:250,1
DA:251,1
DA:252,1
DA:256,4
DA:260,3
DA:261,3
DA:271,3
DA:275,3
DA:276,2
DA:280,3
DA:281,3
DA:282,1
DA:286,8
DA:288,4
DA:290,4
DA:291,1
DA:292,1
DA:294,1
DA:299,1
DA:304,1
DA:317,1
DA:326,1
DA:329,3
DA:333,6
DA:334,1
DA:335,5
DA:336,1
DA:337,4
DA:338,4
DA:339,1
DA:341,4
DA:342,3
DA:346,2
DA:347,1
DA:351,3
DA:353,3
DA:354,2
DA:357,3
DA:359,3
DA:360,1
DA:363,2
DA:367,1
LF:129
LH:128
BRDA:25,0,0,0
BRDA:25,0,1,7
BRDA:26,1,0,0
BRDA:26,1,1,7
BRDA:27,2,0,1
BRDA:27,2,1,6
BRDA:54,3,0,0
BRDA:54,3,1,11
BRDA:67,4,0,8
BRDA:67,4,1,0
BRDA:68,5,0,8
BRDA:68,5,1,0
BRDA:86,6,0,9
BRDA:86,6,1,1
BRDA:91,7,0,7
BRDA:91,7,1,2
BRDA:92,8,0,1
BRDA:92,8,1,6
BRDA:94,9,0,1
BRDA:94,9,1,5
BRDA:96,10,0,1
BRDA:96,10,1,0
BRDA:100,11,0,2
BRDA:100,11,1,5
BRDA:101,12,0,1
BRDA:101,12,1,1
BRDA:103,13,0,1
BRDA:103,13,1,0
BRDA:105,14,0,1
BRDA:105,14,1,0
BRDA:117,15,0,2
BRDA:117,15,1,1
BRDA:118,16,0,2
BRDA:118,16,1,1
BRDA:125,17,0,2
BRDA:125,17,1,1
BRDA:134,18,0,2
BRDA:134,18,1,1
BRDA:135,19,0,2
BRDA:135,19,1,1
BRDA:138,20,0,1
BRDA:138,20,1,2
BRDA:139,21,0,1
BRDA:139,21,1,2
BRDA:146,22,0,0
BRDA:146,22,1,6
BRDA:147,23,0,0
BRDA:147,23,1,6
BRDA:148,24,0,0
BRDA:148,24,1,6
BRDA:149,25,0,0
BRDA:149,25,1,6
BRDA:154,26,0,1
BRDA:154,26,1,5
BRDA:155,27,0,1
BRDA:155,27,1,0
BRDA:160,28,0,1
BRDA:160,28,1,4
BRDA:164,29,0,1
BRDA:164,29,1,3
BRDA:164,30,0,4
BRDA:164,30,1,4
BRDA:164,30,2,4
BRDA:164,30,3,3
BRDA:164,30,4,3
BRDA:168,31,0,1
BRDA:168,31,1,2
BRDA:185,32,0,3
BRDA:185,32,1,3
BRDA:194,33,0,1
BRDA:194,33,1,2
BRDA:204,34,0,0
BRDA:204,34,1,1
BRDA:227,35,0,1
BRDA:227,35,1,5
BRDA:227,36,0,6
BRDA:227,36,1,1
BRDA:230,37,0,5
BRDA:230,37,1,0
BRDA:232,38,0,0
BRDA:232,38,1,5
BRDA:237,39,0,1
BRDA:237,39,1,3
BRDA:249,40,0,1
BRDA:249,40,1,3
BRDA:281,41,0,2
BRDA:281,41,1,1
BRDA:312,42,0,0
BRDA:312,42,1,1
BRDA:333,43,0,1
BRDA:333,43,1,5
BRDA:333,44,0,6
BRDA:333,44,1,2
BRDA:335,45,0,1
BRDA:335,45,1,4
BRDA:335,46,0,5
BRDA:335,46,1,1
BRDA:338,47,0,1
BRDA:338,47,1,3
BRDA:359,48,0,1
BRDA:359,48,1,2
BRF:101
BRH:84
end_of_record
